# JRE version: OpenJDK Runtime Environment (8.0_152-b02) (build 1.8.0_152-release-1024-b02)
# Java VM: OpenJDK 64-Bit Server VM (25.152-b02 mixed mode windows-amd64 compressed oops)
Heap:
 PSYoungGen      total 203264K, used 19869K [0x00000000e0000000, 0x00000000ef180000, 0x0000000100000000)
  eden space 181760K, 0% used [0x00000000e0000000,0x00000000e0000000,0x00000000eb180000)
  from space 21504K, 92% used [0x00000000ec880000,0x00000000edbe7520,0x00000000edd80000)
  to   space 23552K, 0% used [0x00000000eb180000,0x00000000eb180000,0x00000000ec880000)
 ParOldGen       total 162304K, used 31582K [0x00000000a0000000, 0x00000000a9e80000, 0x00000000e0000000)
  object space 162304K, 19% used [0x00000000a0000000,0x00000000a1ed7970,0x00000000a9e80000)
 Metaspace       used 57243K, capacity 58962K, committed 59008K, reserved 1099776K
  class space    used 7828K, capacity 8297K, committed 8320K, reserved 1048576K
GC Heap History (10 events):
Event: 13.296 GC heap after
Heap after GC invocations=8 (full 2):
 PSYoungGen      total 107520K, used 0K [0x00000000e0000000, 0x00000000e7900000, 0x0000000100000000)
  eden space 95744K, 0% used [0x00000000e0000000,0x00000000e0000000,0x00000000e5d80000)
  from space 11776K, 0% used [0x00000000e6d80000,0x00000000e6d80000,0x00000000e7900000)
  to   space 13312K, 0% used [0x00000000e5f00000,0x00000000e5f00000,0x00000000e6c00000)
 ParOldGen       total 162304K, used 17960K [0x00000000a0000000, 0x00000000a9e80000, 0x00000000e0000000)
  object space 162304K, 11% used [0x00000000a0000000,0x00000000a118a188,0x00000000a9e80000)
 Metaspace       used 34444K, capacity 35184K, committed 35416K, reserved 1079296K
  class space    used 4718K, capacity 4982K, committed 5120K, reserved 1048576K
}
Event: 15.725 GC heap before
{Heap before GC invocations=9 (full 2):
 PSYoungGen      total 107520K, used 95744K [0x00000000e0000000, 0x00000000e7900000, 0x0000000100000000)
  eden space 95744K, 100% used [0x00000000e0000000,0x00000000e5d80000,0x00000000e5d80000)
  from space 11776K, 0% used [0x00000000e6d80000,0x00000000e6d80000,0x00000000e7900000)
  to   space 13312K, 0% used [0x00000000e5f00000,0x00000000e5f00000,0x00000000e6c00000)
 ParOldGen       total 162304K, used 17960K [0x00000000a0000000, 0x00000000a9e80000, 0x00000000e0000000)
  object space 162304K, 11% used [0x00000000a0000000,0x00000000a118a188,0x00000000a9e80000)
 Metaspace       used 42765K, capacity 43566K, committed 44032K, reserved 1087488K
  class space    used 5746K, capacity 6024K, committed 6144K, reserved 1048576K
Event: 15.732 GC heap after
Heap after GC invocations=9 (full 2):
 PSYoungGen      total 110592K, used 10753K [0x00000000e0000000, 0x00000000ea380000, 0x0000000100000000)
  eden space 97280K, 0% used [0x00000000e0000000,0x00000000e0000000,0x00000000e5f00000)
  from space 13312K, 80% used [0x00000000e5f00000,0x00000000e69807a8,0x00000000e6c00000)
  to   space 13312K, 0% used [0x00000000e9680000,0x00000000e9680000,0x00000000ea380000)
 ParOldGen       total 162304K, used 17968K [0x00000000a0000000, 0x00000000a9e80000, 0x00000000e0000000)
  object space 162304K, 11% used [0x00000000a0000000,0x00000000a118c188,0x00000000a9e80000)
 Metaspace       used 42765K, capacity 43566K, committed 44032K, reserved 1087488K
  class space    used 5746K, capacity 6024K, committed 6144K, reserved 1048576K
}
Event: 20.899 GC heap before
{Heap before GC invocations=10 (full 2):
 PSYoungGen      total 110592K, used 108033K [0x00000000e0000000, 0x00000000ea380000, 0x0000000100000000)
  eden space 97280K, 100% used [0x00000000e0000000,0x00000000e5f00000,0x00000000e5f00000)
  from space 13312K, 80% used [0x00000000e5f00000,0x00000000e69807a8,0x00000000e6c00000)
  to   space 13312K, 0% used [0x00000000e9680000,0x00000000e9680000,0x00000000ea380000)
 ParOldGen       total 162304K, used 17968K [0x00000000a0000000, 0x00000000a9e80000, 0x00000000e0000000)
  object space 162304K, 11% used [0x00000000a0000000,0x00000000a118c188,0x00000000a9e80000)
 Metaspace       used 52498K, capacity 53980K, committed 54144K, reserved 1095680K
  class space    used 7072K, capacity 7506K, committed 7552K, reserved 1048576K
Event: 20.912 GC heap after
Heap after GC invocations=10 (full 2):
 PSYoungGen      total 151552K, used 13303K [0x00000000e0000000, 0x00000000ea780000, 0x0000000100000000)
  eden space 138240K, 0% used [0x00000000e0000000,0x00000000e0000000,0x00000000e8700000)
  from space 13312K, 99% used [0x00000000e9680000,0x00000000ea37dda8,0x00000000ea380000)
  to   space 15872K, 0% used [0x00000000e8700000,0x00000000e8700000,0x00000000e9680000)
 ParOldGen       total 162304K, used 21276K [0x00000000a0000000, 0x00000000a9e80000, 0x00000000e0000000)
  object space 162304K, 13% used [0x00000000a0000000,0x00000000a14c7268,0x00000000a9e80000)
 Metaspace       used 52498K, capacity 53980K, committed 54144K, reserved 1095680K
  class space    used 7072K, capacity 7506K, committed 7552K, reserved 1048576K
}
Event: 22.034 GC heap before
{Heap before GC invocations=11 (full 2):
 PSYoungGen      total 151552K, used 151543K [0x00000000e0000000, 0x00000000ea780000, 0x0000000100000000)
  eden space 138240K, 100% used [0x00000000e0000000,0x00000000e8700000,0x00000000e8700000)
  from space 13312K, 99% used [0x00000000e9680000,0x00000000ea37dda8,0x00000000ea380000)
  to   space 15872K, 0% used [0x00000000e8700000,0x00000000e8700000,0x00000000e9680000)
 ParOldGen       total 162304K, used 21276K [0x00000000a0000000, 0x00000000a9e80000, 0x00000000e0000000)
  object space 162304K, 13% used [0x00000000a0000000,0x00000000a14c7268,0x00000000a9e80000)
 Metaspace       used 56641K, capacity 58438K, committed 58624K, reserved 1099776K
  class space    used 7718K, capacity 8153K, committed 8192K, reserved 1048576K
Event: 22.052 GC heap after
Heap after GC invocations=11 (full 2):
 PSYoungGen      total 154112K, used 15869K [0x00000000e0000000, 0x00000000edd80000, 0x0000000100000000)
  eden space 138240K, 0% used [0x00000000e0000000,0x00000000e0000000,0x00000000e8700000)
  from space 15872K, 99% used [0x00000000e8700000,0x00000000e967f520,0x00000000e9680000)
  to   space 21504K, 0% used [0x00000000ec880000,0x00000000ec880000,0x00000000edd80000)
 ParOldGen       total 162304K, used 31574K [0x00000000a0000000, 0x00000000a9e80000, 0x00000000e0000000)
  object space 162304K, 19% used [0x00000000a0000000,0x00000000a1ed5970,0x00000000a9e80000)
 Metaspace       used 56641K, capacity 58438K, committed 58624K, reserved 1099776K
  class space    used 7718K, capacity 8153K, committed 8192K, reserved 1048576K
}
Event: 22.337 GC heap before
{Heap before GC invocations=12 (full 2):
 PSYoungGen      total 154112K, used 47281K [0x00000000e0000000, 0x00000000edd80000, 0x0000000100000000)
  eden space 138240K, 22% used [0x00000000e0000000,0x00000000e1ead250,0x00000000e8700000)
  from space 15872K, 99% used [0x00000000e8700000,0x00000000e967f520,0x00000000e9680000)
  to   space 21504K, 0% used [0x00000000ec880000,0x00000000ec880000,0x00000000edd80000)
 ParOldGen       total 162304K, used 31574K [0x00000000a0000000, 0x00000000a9e80000, 0x00000000e0000000)
  object space 162304K, 19% used [0x00000000a0000000,0x00000000a1ed5970,0x00000000a9e80000)
 Metaspace       used 57243K, capacity 58962K, committed 59008K, reserved 1099776K
  class space    used 7828K, capacity 8297K, committed 8320K, reserved 1048576K
Event: 22.351 GC heap after
Heap after GC invocations=12 (full 2):
 PSYoungGen      total 203264K, used 19869K [0x00000000e0000000, 0x00000000ef180000, 0x0000000100000000)
  eden space 181760K, 0% used [0x00000000e0000000,0x00000000e0000000,0x00000000eb180000)
  from space 21504K, 92% used [0x00000000ec880000,0x00000000edbe7520,0x00000000edd80000)
  to   space 23552K, 0% used [0x00000000eb180000,0x00000000eb180000,0x00000000ec880000)
 ParOldGen       total 162304K, used 31582K [0x00000000a0000000, 0x00000000a9e80000, 0x00000000e0000000)
  object space 162304K, 19% used [0x00000000a0000000,0x00000000a1ed7970,0x00000000a9e80000)
 Metaspace       used 57243K, capacity 58962K, committed 59008K, reserved 1099776K
  class space    used 7828K, capacity 8297K, committed 8320K, reserved 1048576K
}
Event: 22.352 GC heap before
{Heap before GC invocations=13 (full 3):
 PSYoungGen      total 203264K, used 19869K [0x00000000e0000000, 0x00000000ef180000, 0x0000000100000000)
  eden space 181760K, 0% used [0x00000000e0000000,0x00000000e0000000,0x00000000eb180000)
  from space 21504K, 92% used [0x00000000ec880000,0x00000000edbe7520,0x00000000edd80000)
  to   space 23552K, 0% used [0x00000000eb180000,0x00000000eb180000,0x00000000ec880000)
 ParOldGen       total 162304K, used 31582K [0x00000000a0000000, 0x00000000a9e80000, 0x00000000e0000000)
  object space 162304K, 19% used [0x00000000a0000000,0x00000000a1ed7970,0x00000000a9e80000)
 Metaspace       used 57243K, capacity 58962K, committed 59008K, reserved 1099776K
  class space    used 7828K, capacity 8297K, committed 8320K, reserved 1048576K

